
> afrotools@1.0.0 build
> node scripts/build-tool-directory.js && node scripts/build-search-index.js && node scripts/build-salary-tax-index.js && node scripts/update-counts.js --write && node scripts/minify.js && node scripts/bundle.js && node scripts/update-html-bundles.js && node scripts/build-related-tools-data.js && node scripts/prune-unused-registry.js && node scripts/build-seo-system.js && node scripts/apply-og-fallbacks.js && node scripts/cachebust.js && node scripts/inject-internal-links.js && node scripts/fix-canonical-alias-links.js && node scripts/update-html-canonical-redirects.js && node scripts/generate-blog-feed.js && node scripts/generate-sitemaps.js && node scripts/seo-daily-fix.js && node scripts/audit-scholarship-truth.js && node scripts/audit-public-claims.js && node scripts/audit-automation-registry.js && node scripts/stamp-sw.js && node tests/tool-verification.test.js

Built 1248 crawlable tool rows
Public live tool count: 2594
Built 2459 search index rows (572 KB)
Built 363 salary-tax rows (80 KB)
Live tool instances: 2594 (2,594+)
Total tool instances: 2599
Registry entries: 2459
Categories: 32
Mode: WRITE
Files changed: 0
  JS    assets/js/components/navbar.js: 348.4KB -> 277.4KB (20.4% smaller)
  JS    assets/js/components/footer.js: 28.8KB -> 23.4KB (18.7% smaller)
  JS    assets/js/components/tool-registry.js: 1067.1KB -> 938.9KB (12.0% smaller)
  JS    assets/js/components/chat-panel.js: 37.7KB -> 26.6KB (29.4% smaller)
  JS    assets/js/components/newsletter-cta.js: 6.8KB -> 4.8KB (30.1% smaller)
  JS    assets/js/components/related-tools.js: 14.4KB -> 12.1KB (15.7% smaller)
  JS    assets/js/components/site-assistant.js: 48.1KB -> 36.9KB (23.2% smaller)
  JS    assets/js/favorites.js: 1.8KB -> 0.7KB (58.9% smaller)
  CSS   assets/css/tokens.css: 12.9KB -> 7.6KB (41.1% smaller)
  CSS   assets/css/global.css: 42.0KB -> 29.9KB (28.8% smaller)
  CSS   assets/css/calculator.css: 31.2KB -> 26.0KB (16.7% smaller)
  CSS   assets/css/design-system.css: 68.5KB -> 48.3KB (29.6% smaller)
  CSS   assets/css/theme-dark.css: 58.5KB -> 55.5KB (5.1% smaller)
  CSS   assets/css/dashboard.css: 37.8KB -> 28.0KB (25.9% smaller)
  CSS   assets/css/tool-landing.css: 22.7KB -> 17.6KB (22.3% smaller)
  CSS   assets/css/animations.css: 8.9KB -> 5.3KB (40.1% smaller)

  INLINE 184 CSS files minified in-place
         2090.2KB -> 2088.6KB (0.1% smaller)

  INLINE 706 JS files minified in-place
         8764.5KB -> 8566.3KB (2.3% smaller)

  TOTAL 714 JS + 192 CSS files
        12690.3KB -> 12194.0KB (3.9% smaller, saved 496.3KB)
  BUNDLE  core: 11 files, 40.3KB → 40.3KB → core.009aa1e7.min.js (+1 aliases)
  BUNDLE  tool-page: 8 files, 36.7KB → 36.7KB → tool-page.3b1f7518.min.js (+2 aliases)
  BUNDLE  chat: 2 files, 84.8KB → 84.8KB → chat.e5a3e11c.min.js (+1 aliases)

  MANIFEST  C:\Users\Oza\Documents\afrotools\assets\js\bundles\manifest.json
  TOTAL     3 bundles, 161.8KB input → 161.8KB output
  HTML    0 files updated, 0 <script> tags replaced with bundles
  RELATED 2386 live tools compressed into recommendation buckets
          assets\js\components\related-tools-data.js 561584 bytes
          assets\js\components\related-tools-data.min.js 393309 bytes
  PRUNE   0 HTML files updated, 0 registry script tags removed
Priority pages patched: 16
OG pages patched: 0
Pages switched to tool images: 0
